                                                                                                                        
>>>>>>>>>>>>>>>>>>>>>>>>>>>>>>>>>>>>>>>>>>>>>>>>>>>>>>>>>>>>>>>>>>>>>>>>>>>>>>>>>>>>>>>>>>>>>>>>>>>>>>>>>>>>>>>>>>>>>>>>
2025-08-24 13:02:05,191 - INFO - START Authentication =============================================
2025-08-24 13:02:05,191 - INFO - START Authentication Start Time = 2025-08-24 13:02:05
2025-08-24 13:02:05,191 - INFO - Authentication Step 0 - Initialize the configuration file parser
2025-08-24 13:02:05,191 - INFO - Process Authentication Step 0 - Initializing and starting Logging Process.
2025-08-24 13:02:05,281 - INFO - PERFORMANCE Authentication The total process duration was:0.09
2025-08-24 13:02:05,281 - INFO - PERFORMANCE Authentication Stop Time = 2025-08-24 13:02:05
2025-08-24 13:02:05,281 - INFO - PERFORMANCE Authentication Short process duration less than 3 Seconds:0.09
2025-08-24 13:02:05,281 - INFO - PERFORMANCE Authentication Performance optimization is not reccomended
2025-08-24 13:02:05,281 - INFO - END Authentication =============================================

<<<<<<<<<<<<<<<<<<<<<<<<<<<<<<<<<<<<<<<<<<<<<<<<<<<<<<<<<<<<<<<<<<<<<<<<<<<<<<<<<<<<<<<<<<<<<<<<<<<<<<<<<<<<<<<<<<<<<<<<
                                                                                                                        
                                                                                                                        
>>>>>>>>>>>>>>>>>>>>>>>>>>>>>>>>>>>>>>>>>>>>>>>>>>>>>>>>>>>>>>>>>>>>>>>>>>>>>>>>>>>>>>>>>>>>>>>>>>>>>>>>>>>>>>>>>>>>>>>>
2025-08-24 20:43:51,071 - INFO - START Authentication =============================================
2025-08-24 20:43:51,071 - INFO - START Authentication Start Time = 2025-08-24 20:43:51
2025-08-24 20:43:51,071 - INFO - Authentication Step 0 - Initialize the configuration file parser
2025-08-24 20:43:51,071 - INFO - Process Authentication Step 0 - Initializing and starting Logging Process.
2025-08-24 20:43:51,135 - INFO - PERFORMANCE Authentication The total process duration was:0.06
2025-08-24 20:43:51,135 - INFO - PERFORMANCE Authentication Stop Time = 2025-08-24 20:43:51
2025-08-24 20:43:51,135 - INFO - PERFORMANCE Authentication Short process duration less than 3 Seconds:0.06
2025-08-24 20:43:51,135 - INFO - PERFORMANCE Authentication Performance optimization is not reccomended
2025-08-24 20:43:51,135 - INFO - END Authentication =============================================

<<<<<<<<<<<<<<<<<<<<<<<<<<<<<<<<<<<<<<<<<<<<<<<<<<<<<<<<<<<<<<<<<<<<<<<<<<<<<<<<<<<<<<<<<<<<<<<<<<<<<<<<<<<<<<<<<<<<<<<<
                                                                                                                        
                                                                                                                        
>>>>>>>>>>>>>>>>>>>>>>>>>>>>>>>>>>>>>>>>>>>>>>>>>>>>>>>>>>>>>>>>>>>>>>>>>>>>>>>>>>>>>>>>>>>>>>>>>>>>>>>>>>>>>>>>>>>>>>>>
2025-08-24 21:04:38,190 - INFO - START Authentication =============================================
2025-08-24 21:04:38,191 - INFO - START Authentication Start Time = 2025-08-24 21:04:38
2025-08-24 21:04:38,191 - INFO - Authentication Step 0 - Initialize the configuration file parser
2025-08-24 21:04:38,191 - INFO - Process Authentication Step 0 - Initializing and starting Logging Process.
2025-08-24 21:04:38,760 - INFO - PERFORMANCE Authentication The total process duration was:0.57
2025-08-24 21:04:38,761 - INFO - PERFORMANCE Authentication Stop Time = 2025-08-24 21:04:38
2025-08-24 21:04:38,761 - INFO - PERFORMANCE Authentication Short process duration less than 3 Seconds:0.57
2025-08-24 21:04:38,761 - INFO - PERFORMANCE Authentication Performance optimization is not reccomended
2025-08-24 21:04:38,761 - INFO - END Authentication =============================================

<<<<<<<<<<<<<<<<<<<<<<<<<<<<<<<<<<<<<<<<<<<<<<<<<<<<<<<<<<<<<<<<<<<<<<<<<<<<<<<<<<<<<<<<<<<<<<<<<<<<<<<<<<<<<<<<<<<<<<<<
                                                                                                                        
                                                                                                                        
>>>>>>>>>>>>>>>>>>>>>>>>>>>>>>>>>>>>>>>>>>>>>>>>>>>>>>>>>>>>>>>>>>>>>>>>>>>>>>>>>>>>>>>>>>>>>>>>>>>>>>>>>>>>>>>>>>>>>>>>
2025-08-24 22:27:17,824 - INFO - START Authentication =============================================
2025-08-24 22:27:17,824 - INFO - START Authentication Start Time = 2025-08-24 22:27:17
2025-08-24 22:27:17,824 - INFO - Authentication Step 0 - Initialize the configuration file parser
2025-08-24 22:27:17,824 - INFO - Process Authentication Step 0 - Initializing and starting Logging Process.
2025-08-24 22:27:18,403 - INFO - PERFORMANCE Authentication The total process duration was:0.58
2025-08-24 22:27:18,403 - INFO - PERFORMANCE Authentication Stop Time = 2025-08-24 22:27:18
2025-08-24 22:27:18,403 - INFO - PERFORMANCE Authentication Short process duration less than 3 Seconds:0.58
2025-08-24 22:27:18,403 - INFO - PERFORMANCE Authentication Performance optimization is not reccomended
2025-08-24 22:27:18,403 - INFO - END Authentication =============================================

<<<<<<<<<<<<<<<<<<<<<<<<<<<<<<<<<<<<<<<<<<<<<<<<<<<<<<<<<<<<<<<<<<<<<<<<<<<<<<<<<<<<<<<<<<<<<<<<<<<<<<<<<<<<<<<<<<<<<<<<
                                                                                                                        
                                                                                                                        
>>>>>>>>>>>>>>>>>>>>>>>>>>>>>>>>>>>>>>>>>>>>>>>>>>>>>>>>>>>>>>>>>>>>>>>>>>>>>>>>>>>>>>>>>>>>>>>>>>>>>>>>>>>>>>>>>>>>>>>>
2025-08-24 22:28:15,102 - INFO - START Authentication =============================================
2025-08-24 22:28:15,102 - INFO - START Authentication Start Time = 2025-08-24 22:28:15
2025-08-24 22:28:15,102 - INFO - Authentication Step 0 - Initialize the configuration file parser
2025-08-24 22:28:15,102 - INFO - Process Authentication Step 0 - Initializing and starting Logging Process.
2025-08-24 22:28:15,719 - INFO - PERFORMANCE Authentication The total process duration was:0.62
2025-08-24 22:28:15,720 - INFO - PERFORMANCE Authentication Stop Time = 2025-08-24 22:28:15
2025-08-24 22:28:15,720 - INFO - PERFORMANCE Authentication Short process duration less than 3 Seconds:0.62
2025-08-24 22:28:15,720 - INFO - PERFORMANCE Authentication Performance optimization is not reccomended
2025-08-24 22:28:15,720 - INFO - END Authentication =============================================

<<<<<<<<<<<<<<<<<<<<<<<<<<<<<<<<<<<<<<<<<<<<<<<<<<<<<<<<<<<<<<<<<<<<<<<<<<<<<<<<<<<<<<<<<<<<<<<<<<<<<<<<<<<<<<<<<<<<<<<<
                                                                                                                        
                                                                                                                        
>>>>>>>>>>>>>>>>>>>>>>>>>>>>>>>>>>>>>>>>>>>>>>>>>>>>>>>>>>>>>>>>>>>>>>>>>>>>>>>>>>>>>>>>>>>>>>>>>>>>>>>>>>>>>>>>>>>>>>>>
2025-08-24 22:32:43,595 - INFO - START Authentication =============================================
2025-08-24 22:32:43,595 - INFO - START Authentication Start Time = 2025-08-24 22:32:43
2025-08-24 22:32:43,595 - INFO - Authentication Step 0 - Initialize the configuration file parser
2025-08-24 22:32:43,595 - INFO - Process Authentication Step 0 - Initializing and starting Logging Process.
2025-08-24 22:32:44,144 - INFO - PERFORMANCE Authentication The total process duration was:0.55
2025-08-24 22:32:44,144 - INFO - PERFORMANCE Authentication Stop Time = 2025-08-24 22:32:44
2025-08-24 22:32:44,145 - INFO - PERFORMANCE Authentication Short process duration less than 3 Seconds:0.55
2025-08-24 22:32:44,145 - INFO - PERFORMANCE Authentication Performance optimization is not reccomended
2025-08-24 22:32:44,146 - INFO - END Authentication =============================================

<<<<<<<<<<<<<<<<<<<<<<<<<<<<<<<<<<<<<<<<<<<<<<<<<<<<<<<<<<<<<<<<<<<<<<<<<<<<<<<<<<<<<<<<<<<<<<<<<<<<<<<<<<<<<<<<<<<<<<<<
                                                                                                                        
                                                                                                                        
>>>>>>>>>>>>>>>>>>>>>>>>>>>>>>>>>>>>>>>>>>>>>>>>>>>>>>>>>>>>>>>>>>>>>>>>>>>>>>>>>>>>>>>>>>>>>>>>>>>>>>>>>>>>>>>>>>>>>>>>
2025-08-25 07:44:48,552 - INFO - START Authentication =============================================
2025-08-25 07:44:48,552 - INFO - START Authentication Start Time = 2025-08-25 07:44:48
2025-08-25 07:44:48,552 - INFO - Authentication Step 0 - Initialize the configuration file parser
2025-08-25 07:44:48,552 - INFO - Process Authentication Step 0 - Initializing and starting Logging Process.
2025-08-25 07:44:49,180 - INFO - PERFORMANCE Authentication The total process duration was:0.63
2025-08-25 07:44:49,181 - INFO - PERFORMANCE Authentication Stop Time = 2025-08-25 07:44:49
2025-08-25 07:44:49,181 - INFO - PERFORMANCE Authentication Short process duration less than 3 Seconds:0.63
2025-08-25 07:44:49,181 - INFO - PERFORMANCE Authentication Performance optimization is not reccomended
2025-08-25 07:44:49,181 - INFO - END Authentication =============================================

<<<<<<<<<<<<<<<<<<<<<<<<<<<<<<<<<<<<<<<<<<<<<<<<<<<<<<<<<<<<<<<<<<<<<<<<<<<<<<<<<<<<<<<<<<<<<<<<<<<<<<<<<<<<<<<<<<<<<<<<
                                                                                                                        
                                                                                                                        
>>>>>>>>>>>>>>>>>>>>>>>>>>>>>>>>>>>>>>>>>>>>>>>>>>>>>>>>>>>>>>>>>>>>>>>>>>>>>>>>>>>>>>>>>>>>>>>>>>>>>>>>>>>>>>>>>>>>>>>>
2025-08-25 22:24:09,255 - INFO - START Authentication =============================================
2025-08-25 22:24:09,257 - INFO - START Authentication Start Time = 2025-08-25 22:24:09
2025-08-25 22:24:09,257 - INFO - Authentication Step 0 - Initialize the configuration file parser
2025-08-25 22:24:09,260 - INFO - Process Authentication Step 0 - Initializing and starting Logging Process.
2025-08-25 22:24:14,011 - INFO - PERFORMANCE Authentication The total process duration was:4.76
2025-08-25 22:24:14,012 - INFO - PERFORMANCE Authentication Stop Time = 2025-08-25 22:24:14
2025-08-25 22:24:14,012 - INFO - PERFORMANCE Authentication Low process duration less than 3 minutes:4.76
2025-08-25 22:24:14,012 - INFO - PERFORMANCE Authentication Performance optimization is optional
2025-08-25 22:24:14,012 - INFO - END Authentication =============================================

<<<<<<<<<<<<<<<<<<<<<<<<<<<<<<<<<<<<<<<<<<<<<<<<<<<<<<<<<<<<<<<<<<<<<<<<<<<<<<<<<<<<<<<<<<<<<<<<<<<<<<<<<<<<<<<<<<<<<<<<
                                                                                                                        
                                                                                                                        
>>>>>>>>>>>>>>>>>>>>>>>>>>>>>>>>>>>>>>>>>>>>>>>>>>>>>>>>>>>>>>>>>>>>>>>>>>>>>>>>>>>>>>>>>>>>>>>>>>>>>>>>>>>>>>>>>>>>>>>>
2025-08-26 22:22:04,404 - INFO - START Authentication =============================================
2025-08-26 22:22:04,404 - INFO - START Authentication Start Time = 2025-08-26 22:22:04
2025-08-26 22:22:04,404 - INFO - Authentication Step 0 - Initialize the configuration file parser
2025-08-26 22:22:04,405 - INFO - Process Authentication Step 0 - Initializing and starting Logging Process.
2025-08-26 22:22:09,300 - INFO - PERFORMANCE Authentication The total process duration was:4.90
2025-08-26 22:22:09,301 - INFO - PERFORMANCE Authentication Stop Time = 2025-08-26 22:22:09
2025-08-26 22:22:09,301 - INFO - PERFORMANCE Authentication Low process duration less than 3 minutes:4.90
2025-08-26 22:22:09,301 - INFO - PERFORMANCE Authentication Performance optimization is optional
2025-08-26 22:22:09,302 - INFO - END Authentication =============================================

<<<<<<<<<<<<<<<<<<<<<<<<<<<<<<<<<<<<<<<<<<<<<<<<<<<<<<<<<<<<<<<<<<<<<<<<<<<<<<<<<<<<<<<<<<<<<<<<<<<<<<<<<<<<<<<<<<<<<<<<
                                                                                                                        
                                                                                                                        
>>>>>>>>>>>>>>>>>>>>>>>>>>>>>>>>>>>>>>>>>>>>>>>>>>>>>>>>>>>>>>>>>>>>>>>>>>>>>>>>>>>>>>>>>>>>>>>>>>>>>>>>>>>>>>>>>>>>>>>>
2025-08-26 22:23:10,818 - INFO - START Authentication =============================================
2025-08-26 22:23:10,818 - INFO - START Authentication Start Time = 2025-08-26 22:23:10
2025-08-26 22:23:10,819 - INFO - Authentication Step 0 - Initialize the configuration file parser
2025-08-26 22:23:10,820 - INFO - Process Authentication Step 0 - Initializing and starting Logging Process.
2025-08-26 22:23:11,639 - INFO - PERFORMANCE Authentication The total process duration was:0.82
2025-08-26 22:23:11,639 - INFO - PERFORMANCE Authentication Stop Time = 2025-08-26 22:23:11
2025-08-26 22:23:11,639 - INFO - PERFORMANCE Authentication Short process duration less than 3 Seconds:0.82
2025-08-26 22:23:11,639 - INFO - PERFORMANCE Authentication Performance optimization is not reccomended
2025-08-26 22:23:11,639 - INFO - END Authentication =============================================

<<<<<<<<<<<<<<<<<<<<<<<<<<<<<<<<<<<<<<<<<<<<<<<<<<<<<<<<<<<<<<<<<<<<<<<<<<<<<<<<<<<<<<<<<<<<<<<<<<<<<<<<<<<<<<<<<<<<<<<<
                                                                                                                        
                                                                                                                        
>>>>>>>>>>>>>>>>>>>>>>>>>>>>>>>>>>>>>>>>>>>>>>>>>>>>>>>>>>>>>>>>>>>>>>>>>>>>>>>>>>>>>>>>>>>>>>>>>>>>>>>>>>>>>>>>>>>>>>>>
2025-08-26 23:12:06,876 - INFO - START Authentication =============================================
2025-08-26 23:12:06,876 - INFO - START Authentication Start Time = 2025-08-26 23:12:06
2025-08-26 23:12:06,876 - INFO - Authentication Step 0 - Initialize the configuration file parser
2025-08-26 23:12:06,877 - INFO - Process Authentication Step 0 - Initializing and starting Logging Process.
2025-08-26 23:12:27,906 - INFO - PERFORMANCE Authentication The total process duration was:21.03
2025-08-26 23:12:27,907 - INFO - PERFORMANCE Authentication Stop Time = 2025-08-26 23:12:27
2025-08-26 23:12:27,907 - INFO - PERFORMANCE Authentication Low process duration less than 3 minutes:21.03
2025-08-26 23:12:27,907 - INFO - PERFORMANCE Authentication Performance optimization is optional
2025-08-26 23:12:27,907 - INFO - END Authentication =============================================

<<<<<<<<<<<<<<<<<<<<<<<<<<<<<<<<<<<<<<<<<<<<<<<<<<<<<<<<<<<<<<<<<<<<<<<<<<<<<<<<<<<<<<<<<<<<<<<<<<<<<<<<<<<<<<<<<<<<<<<<
                                                                                                                        
                                                                                                                        
>>>>>>>>>>>>>>>>>>>>>>>>>>>>>>>>>>>>>>>>>>>>>>>>>>>>>>>>>>>>>>>>>>>>>>>>>>>>>>>>>>>>>>>>>>>>>>>>>>>>>>>>>>>>>>>>>>>>>>>>
2025-08-26 23:23:03,794 - INFO - START Authentication =============================================
2025-08-26 23:23:03,795 - INFO - START Authentication Start Time = 2025-08-26 23:23:03
2025-08-26 23:23:03,795 - INFO - Authentication Step 0 - Initialize the configuration file parser
2025-08-26 23:23:03,795 - INFO - Process Authentication Step 0 - Initializing and starting Logging Process.
2025-08-27 20:59:12,780 - INFO - PERFORMANCE Authentication The total process duration was:77768.99
2025-08-27 20:59:12,780 - INFO - PERFORMANCE Authentication Stop Time = 2025-08-27 20:59:12
2025-08-27 20:59:12,780 - INFO - PERFORMANCE Authentication LONG process duration greater than 10 Minutes:77768.99
2025-08-27 20:59:12,780 - INFO - PERFORMANCE Authentication Performance optimization is required
2025-08-27 20:59:12,780 - INFO - END Authentication =============================================

<<<<<<<<<<<<<<<<<<<<<<<<<<<<<<<<<<<<<<<<<<<<<<<<<<<<<<<<<<<<<<<<<<<<<<<<<<<<<<<<<<<<<<<<<<<<<<<<<<<<<<<<<<<<<<<<<<<<<<<<
                                                                                                                        
                                                                                                                        
>>>>>>>>>>>>>>>>>>>>>>>>>>>>>>>>>>>>>>>>>>>>>>>>>>>>>>>>>>>>>>>>>>>>>>>>>>>>>>>>>>>>>>>>>>>>>>>>>>>>>>>>>>>>>>>>>>>>>>>>
2025-08-27 21:01:41,552 - INFO - START Authentication =============================================
2025-08-27 21:01:41,552 - INFO - START Authentication Start Time = 2025-08-27 21:01:41
2025-08-27 21:01:41,554 - INFO - Authentication Step 0 - Initialize the configuration file parser
2025-08-27 21:01:41,554 - INFO - Process Authentication Step 0 - Initializing and starting Logging Process.
2025-08-27 21:05:10,651 - INFO - PERFORMANCE Authentication The total process duration was:209.10
2025-08-27 21:05:10,651 - INFO - PERFORMANCE Authentication Stop Time = 2025-08-27 21:05:10
2025-08-27 21:05:10,651 - INFO - PERFORMANCE Authentication Medium process duration greater than 3 minutes:209.10
2025-08-27 21:05:10,651 - INFO - PERFORMANCE Authentication Performance optimization is optional
2025-08-27 21:05:10,651 - INFO - END Authentication =============================================

<<<<<<<<<<<<<<<<<<<<<<<<<<<<<<<<<<<<<<<<<<<<<<<<<<<<<<<<<<<<<<<<<<<<<<<<<<<<<<<<<<<<<<<<<<<<<<<<<<<<<<<<<<<<<<<<<<<<<<<<
                                                                                                                        
                                                                                                                        
>>>>>>>>>>>>>>>>>>>>>>>>>>>>>>>>>>>>>>>>>>>>>>>>>>>>>>>>>>>>>>>>>>>>>>>>>>>>>>>>>>>>>>>>>>>>>>>>>>>>>>>>>>>>>>>>>>>>>>>>
2025-08-27 21:08:45,453 - INFO - START Authentication =============================================
2025-08-27 21:08:45,454 - INFO - START Authentication Start Time = 2025-08-27 21:08:45
2025-08-27 21:08:45,454 - INFO - Authentication Step 0 - Initialize the configuration file parser
2025-08-27 21:08:45,455 - INFO - Process Authentication Step 0 - Initializing and starting Logging Process.
2025-08-27 21:27:47,804 - INFO - PERFORMANCE Authentication The total process duration was:1142.35
2025-08-27 21:27:47,804 - INFO - PERFORMANCE Authentication Stop Time = 2025-08-27 21:27:47
2025-08-27 21:27:47,804 - INFO - PERFORMANCE Authentication LONG process duration greater than 10 Minutes:1142.35
2025-08-27 21:27:47,804 - INFO - PERFORMANCE Authentication Performance optimization is required
2025-08-27 21:27:47,804 - INFO - END Authentication =============================================

<<<<<<<<<<<<<<<<<<<<<<<<<<<<<<<<<<<<<<<<<<<<<<<<<<<<<<<<<<<<<<<<<<<<<<<<<<<<<<<<<<<<<<<<<<<<<<<<<<<<<<<<<<<<<<<<<<<<<<<<
                                                                                                                        
                                                                                                                        
>>>>>>>>>>>>>>>>>>>>>>>>>>>>>>>>>>>>>>>>>>>>>>>>>>>>>>>>>>>>>>>>>>>>>>>>>>>>>>>>>>>>>>>>>>>>>>>>>>>>>>>>>>>>>>>>>>>>>>>>
2025-08-27 21:28:08,342 - INFO - START Authentication =============================================
2025-08-27 21:28:08,342 - INFO - START Authentication Start Time = 2025-08-27 21:28:08
2025-08-27 21:28:08,342 - INFO - Authentication Step 0 - Initialize the configuration file parser
2025-08-27 21:28:08,344 - INFO - Process Authentication Step 0 - Initializing and starting Logging Process.
2025-08-30 17:50:50,178 - INFO - PERFORMANCE Authentication The total process duration was:246161.84
2025-08-30 17:50:50,178 - INFO - PERFORMANCE Authentication Stop Time = 2025-08-30 17:50:50
2025-08-30 17:50:50,178 - INFO - PERFORMANCE Authentication LONG process duration greater than 10 Minutes:246161.84
2025-08-30 17:50:50,178 - INFO - PERFORMANCE Authentication Performance optimization is required
2025-08-30 17:50:50,178 - INFO - END Authentication =============================================

<<<<<<<<<<<<<<<<<<<<<<<<<<<<<<<<<<<<<<<<<<<<<<<<<<<<<<<<<<<<<<<<<<<<<<<<<<<<<<<<<<<<<<<<<<<<<<<<<<<<<<<<<<<<<<<<<<<<<<<<
                                                                                                                        
                                                                                                                        
>>>>>>>>>>>>>>>>>>>>>>>>>>>>>>>>>>>>>>>>>>>>>>>>>>>>>>>>>>>>>>>>>>>>>>>>>>>>>>>>>>>>>>>>>>>>>>>>>>>>>>>>>>>>>>>>>>>>>>>>
2025-08-30 17:51:06,027 - INFO - START Authentication =============================================
2025-08-30 17:51:06,028 - INFO - START Authentication Start Time = 2025-08-30 17:51:06
2025-08-30 17:51:06,028 - INFO - Authentication Step 0 - Initialize the configuration file parser
2025-08-30 17:51:06,028 - INFO - Process Authentication Step 0 - Initializing and starting Logging Process.
2025-08-31 10:22:19,022 - INFO - PERFORMANCE Authentication The total process duration was:59473.00
2025-08-31 10:22:19,022 - INFO - PERFORMANCE Authentication Stop Time = 2025-08-31 10:22:19
2025-08-31 10:22:19,022 - INFO - PERFORMANCE Authentication LONG process duration greater than 10 Minutes:59473.00
2025-08-31 10:22:19,022 - INFO - PERFORMANCE Authentication Performance optimization is required
2025-08-31 10:22:19,022 - INFO - END Authentication =============================================

<<<<<<<<<<<<<<<<<<<<<<<<<<<<<<<<<<<<<<<<<<<<<<<<<<<<<<<<<<<<<<<<<<<<<<<<<<<<<<<<<<<<<<<<<<<<<<<<<<<<<<<<<<<<<<<<<<<<<<<<
                                                                                                                        
                                                                                                                        
>>>>>>>>>>>>>>>>>>>>>>>>>>>>>>>>>>>>>>>>>>>>>>>>>>>>>>>>>>>>>>>>>>>>>>>>>>>>>>>>>>>>>>>>>>>>>>>>>>>>>>>>>>>>>>>>>>>>>>>>
2025-08-31 13:34:40,166 - INFO - START Authentication =============================================
2025-08-31 13:34:40,166 - INFO - START Authentication Start Time = 2025-08-31 13:34:40
2025-08-31 13:34:40,166 - INFO - Authentication Step 0 - Initialize the configuration file parser
2025-08-31 13:34:40,166 - INFO - Process Authentication Step 0 - Initializing and starting Logging Process.
2025-08-31 13:42:11,087 - INFO - PERFORMANCE Authentication The total process duration was:450.92
2025-08-31 13:42:11,088 - INFO - PERFORMANCE Authentication Stop Time = 2025-08-31 13:42:11
2025-08-31 13:42:11,089 - INFO - PERFORMANCE Authentication Medium process duration greater than 3 minutes:450.92
2025-08-31 13:42:11,089 - INFO - PERFORMANCE Authentication Performance optimization is optional
2025-08-31 13:42:11,089 - INFO - END Authentication =============================================

<<<<<<<<<<<<<<<<<<<<<<<<<<<<<<<<<<<<<<<<<<<<<<<<<<<<<<<<<<<<<<<<<<<<<<<<<<<<<<<<<<<<<<<<<<<<<<<<<<<<<<<<<<<<<<<<<<<<<<<<
                                                                                                                        
